|SourceProjectName:mojoe.hpr
|DestinationProjectName:mapobjects_help.htm
whhost.js
whmsg.js
whmozemu.js
whproxy.js
whstub.js
whutils.js
whver.js
whform.js
whphost.js
whstart.js
whtopic.js
whframes.js
whlang.js
whskin_info.htm
whskin_blank.htm
whskin_pickup.htm
whskin_homepage.htm
whnjs.htm
whthost.js
whtdhtml.htm
whihost.js
whibody.htm
whiform.htm
whfhost.js
whfbody.htm
whfform.htm
whghost.js
whgbody.htm
whgdhtml.htm
whgdef.htm
whproj.js
whproj.xml
whproj.htm
whxdata\whtoc.xml
whxdata\whidx.xml
whxdata\whfts.xml
whxdata\whglo.xml
whdata\whtoc.js
whdata\whtoc.htm
whdata\whtdata.js
whdata\whidx.js
whdata\whidx.htm
whdata\whidata.js
whdata\whfts.js
whdata\whfts.htm
whdata\whglo.js
whdata\whglo.htm
whdata\whgdata.js
whdata\whftdata.js
whdata\whfwdata.js
whres.xml
WebHelp.jar
WebHelp.cab
whgdata\whnvp30.htm
whgdata\whnvp31.htm
whgdata\whnvp32.htm
whgdata\whnvp33.htm
whgdata\whnvt30.htm
whgdata\whnvt31.htm
whgdata\whnvt32.htm
whgdata\whnvt33.htm
whgdata\whnvf30.htm
whgdata\whnvf31.htm
whgdata\whnvf32.htm
whgdata\whnvf33.htm
whgdata\whnvl31.htm
whgdata\whnvl32.htm
whgdata\whnvl33.htm
whgdata\whexpbar.gif
cshdat_webhelp.htm
whcsh_home.htm
whcshdata.htm
cshdat_robohelp.htm
wht_tab0.gif
wht_tab1.gif
wht_tab2.gif
wht_tab3.gif
wht_tab4.gif
wht_tab5.gif
wht_tab6.gif
wht_tab7.gif
wht_tab8.gif
wht_glo_h.gif
wht_glo_n.gif
wht_fts_h.gif
wht_fts_n.gif
wht_idx_h.gif
wht_idx_n.gif
wht_toc_h.gif
wht_toc_n.gif
wht_ws.gif
wht_ws_g.gif
wht_logo1.gif
wht_logo2.gif
wht_abgw.jpg
wht_abgi.jpg
wht_abge.jpg
wht_abtw.jpg
wht_abte.jpg
wht_abti.jpg
wht_spac.gif
wht_next.gif
wht_next_g.gif
wht_prev.gif
wht_prev_g.gif
wht_sync.gif
wht_hide.gif
wht_go.gif
whstart.ico
whestart.ico
whrstart.ico
whidhtml.htm
whfdhtml.htm
whskin_banner.htm
whtbar.js
logo_fill.jpg
bssctoc1.gif
bssctoc2.gif
Default.skn
whskin_pdhtml.htm
whskin_papplet.htm
whskin_plist.htm
whskin_tbars.htm
whskin_mbars.htm
wht_toc4.gif
wht_toc3.gif
whskin_frmset010.htm
whst_topics.xml
whskin_frmset01.htm
mapobjects_help_hha.hhk
mapobjects_help.hhc
mapobjects_help.hhk
copyright.htm
faqs.html
Getting_Started.htm
javadoc\overview-summary.html
known_issues.htm
mojoe_index.htm
omds\data_access\da_content.htm
omds\data_access\da_content_implementations.htm
omds\data_access\da_data_access_objects.htm
omds\data_access\da_dataset_implementations.htm
omds\data_access\da_datasets.htm
omds\data_access\da_file_system_datasets.htm
omds\data_access\da_shapefiles.htm
omds\data_internals\di_data.htm
omds\data_internals\di_data_implementations.htm
omds\data_internals\di_data_internals.htm
omds\data_internals\di_geometry.htm
omds\data_internals\di_geometry_implementations.htm
omds\data_internals\di_memory_cache.htm
omds\data_internals\di_queries.htm
omds\data_internals\di_query_implementations.htm
omds\data_internals\di_spatial_index.htm
omds\data_internals\di_tile_cache.htm
omds\map_beans\map_beans.htm
omds\map_beans\mb_acetatelayers.htm
omds\map_beans\mb_beans.htm
omds\map_beans\mb_map.htm
omds\map_beans\mb_other_dialogs.htm
omds\map_beans\mb_other_query_dialogs.htm
omds\map_beans\mb_pagelayout.htm
omds\map_beans\mb_querybuilder.htm
omds\map_beans\mb_rubberbands.htm
omds\map_beans\mb_table_of_contents.htm
omds\map_beans\mb_toolbars.htm
omds\map_beans\mb_tools.htm
omds\map_internals\map_core.htm
omds\map_internals\map_internals_objects.htm
omds\map_internals\mi_display.htm
omds\map_internals\mi_feature_layers.htm
omds\map_internals\mi_graphicslayer.htm
omds\map_internals\mi_imageserver_layers.htm
omds\map_internals\mi_layer_extensions.htm
omds\map_internals\mi_layer_implementations.htm
omds\map_internals\mi_layers.htm
omds\map_internals\mi_renderer_implementations.htm
omds\map_internals\mi_renderers.htm
omds\map_internals\mi_symbols.htm
omds\reading_the_omds.htm
Samples.htm
supported_image_formats.htm
UML_class_diagram.htm
understanding_map_proj.htm
utilities.htm
what_s_new_in_version_2.htm
81HelpRev.css
javadoc\stylesheet.css
omds\data_internals\queries_implement.gif
MO-Java-Whats-NewBanner.gif
omds\map_beans\other_query_dialogs.gif
omds\map_internals\renderer_implementation.gif
image008.gif
MO-Java-FAQ-Banner.gif
omds\data_access\content_implementation.gif
omds\map_internals\layers.gif
omds\map_internals\feature_layer.gif
to_top_image.gif
image009.gif
omds\map_beans\acetatelayers.gif
omds\data_internals\geo_implementation.gif
omds\data_internals\queries.gif
omds\data_internals\spatial_index.gif
omds\data_access\datasets.gif
omds\map_beans\ui_bean_rubberbands.gif
omds\data_access\file_sys_datasets.gif
MO-Java-Banner.gif
omds\map_beans\ui_bean_toc.gif
omds\map_internals\graphic_layer.gif
Package_colors.gif
omds\data_access\content.gif
omds\data_access\shapefiles.gif
omds\map_internals\renderers.gif
omds\map_internals\display.gif
omds\map_beans\querybuilder.gif
omds\map_beans\map_beans.gif
omds\data_internals\data.gif
omds\data_internals\tile_cache.gif
omds\map_internals\layer_extension.gif
omds\map_internals\symbols.gif
image011.gif
omds\map_internals\map_core.gif
omds\map_internals\layer_implementations.gif
image001.gif
omds\map_beans\ui_toolbars.gif
omds\map_internals\image_server_layers.gif
image013.gif
Splash.gif
omds\map_beans\pagelayout.gif
omds\map_beans\ui_bean_tools.gif
omds\data_internals\data_implementations.gif
omds\data_access\dataset_implementations.gif
image015.gif
image004.gif
omds\data_internals\memory_cache.gif
omds\map_beans\other_dialogs.gif
omds\map_beans\map.gif
omds\data_internals\geometry.gif
image017.gif
image006.gif
image77.gif
ehlpdhtm.js
mapobjects_help.ppf
81HelpRev_ns.css
javadoc\stylesheet_ns.css
whxdata\whtdata0.xml
whxdata\whftdata0.xml
whdata\whtdata0.htm
whdata\whftdata0.htm
whgdata\whlstt0.htm
whgdata\whlstt1.htm
whgdata\whlstt2.htm
whgdata\whlstt3.htm
whgdata\whlstt4.htm
whgdata\whlstt5.htm
whgdata\whlstt6.htm
whgdata\whlstt7.htm
whgdata\whlstt8.htm
whgdata\whlstt9.htm
whgdata\whlsti0.htm
whgdata\whlstg0.htm
mapobjects_help.htm
mapobjects_help_csh.htm
mapobjects_help_rhc.htm
